2024-09-10 20:22:42,601 [trainer.py] => config: ./exps/adam_ssf.json
2024-09-10 20:22:42,601 [trainer.py] => prefix:  
2024-09-10 20:22:42,601 [trainer.py] => dataset: cifar224
2024-09-10 20:22:42,601 [trainer.py] => memory_size: 0
2024-09-10 20:22:42,601 [trainer.py] => memory_per_class: 0
2024-09-10 20:22:42,601 [trainer.py] => fixed_memory: False
2024-09-10 20:22:42,601 [trainer.py] => shuffle: True
2024-09-10 20:22:42,601 [trainer.py] => init_cls: 5
2024-09-10 20:22:42,601 [trainer.py] => increment: 5
2024-09-10 20:22:42,601 [trainer.py] => model_name: adam_ssf
2024-09-10 20:22:42,601 [trainer.py] => convnet_type: pretrained_vit_b16_224_in21k_ssf
2024-09-10 20:22:42,601 [trainer.py] => device: [device(type='cuda', index=0)]
2024-09-10 20:22:42,601 [trainer.py] => seed: 1993
2024-09-10 20:22:42,601 [trainer.py] => tuned_epoch: 20
2024-09-10 20:22:42,601 [trainer.py] => init_lr: 0.01
2024-09-10 20:22:42,601 [trainer.py] => batch_size: 48
2024-09-10 20:22:42,601 [trainer.py] => weight_decay: 0.0005
2024-09-10 20:22:42,601 [trainer.py] => min_lr: 0
2024-09-10 20:22:42,601 [trainer.py] => ffn_num: 64
2024-09-10 20:22:42,601 [trainer.py] => optimizer: sgd
2024-09-10 20:22:42,601 [trainer.py] => vpt_type: shallow
2024-09-10 20:22:42,601 [trainer.py] => prompt_token_num: 5
2024-09-10 20:22:43,875 [data_manager.py] => [68, 56, 78, 8, 23, 84, 90, 65, 74, 76, 40, 89, 3, 92, 55, 9, 26, 80, 43, 38, 58, 70, 77, 1, 85, 19, 17, 50, 28, 53, 13, 81, 45, 82, 6, 59, 83, 16, 15, 44, 91, 41, 72, 60, 79, 52, 20, 10, 31, 54, 37, 95, 14, 71, 96, 98, 97, 2, 64, 66, 42, 22, 35, 86, 24, 34, 87, 21, 99, 0, 88, 27, 18, 94, 11, 12, 47, 25, 30, 46, 62, 69, 36, 61, 7, 63, 75, 5, 32, 4, 51, 48, 73, 93, 39, 67, 29, 49, 57, 33]
2024-09-10 20:22:45,457 [trainer.py] => All params: 86004480
2024-09-10 20:22:45,458 [trainer.py] => Trainable params: 86004480
2024-09-10 20:22:46,036 [adam_ssf.py] => Learning on 0-5
2024-09-10 20:26:20,576 [adam_ssf.py] => Task 0, Epoch 20/20 => Loss 0.117, Train_accy 96.48, Test_accy 99.80
2024-09-10 20:26:32,709 [trainer.py] => No NME accuracy.
2024-09-10 20:26:32,709 [trainer.py] => CNN: {'total': 99.6, '00-09': 99.6, 'old': 0, 'new': 99.6}
2024-09-10 20:26:32,710 [trainer.py] => CNN top1 curve: [99.6]
2024-09-10 20:26:32,710 [trainer.py] => CNN top5 curve: [100.0]

2024-09-10 20:26:32,710 [trainer.py] => Average Accuracy (CNN): 99.6
2024-09-10 20:26:32,712 [trainer.py] => All params: 171810817
2024-09-10 20:26:32,713 [trainer.py] => Trainable params: 86012161
2024-09-10 20:26:32,714 [adam_ssf.py] => Learning on 5-10
2024-09-10 20:26:44,097 [trainer.py] => No NME accuracy.
2024-09-10 20:26:44,097 [trainer.py] => CNN: {'total': 96.3, '00-09': 96.3, 'old': 98.8, 'new': 93.8}
2024-09-10 20:26:44,097 [trainer.py] => CNN top1 curve: [99.6, 96.3]
2024-09-10 20:26:44,097 [trainer.py] => CNN top5 curve: [100.0, 100.0]

2024-09-10 20:26:44,097 [trainer.py] => Average Accuracy (CNN): 97.94999999999999
2024-09-10 20:26:44,098 [trainer.py] => All params: 171818497
2024-09-10 20:26:44,099 [trainer.py] => Trainable params: 86019841
2024-09-10 20:26:44,100 [adam_ssf.py] => Learning on 10-15
2024-09-10 20:26:56,781 [trainer.py] => No NME accuracy.
2024-09-10 20:26:56,781 [trainer.py] => CNN: {'total': 94.07, '00-09': 95.1, '10-19': 92.0, 'old': 95.1, 'new': 92.0}
2024-09-10 20:26:56,781 [trainer.py] => CNN top1 curve: [99.6, 96.3, 94.07]
2024-09-10 20:26:56,781 [trainer.py] => CNN top5 curve: [100.0, 100.0, 99.8]

2024-09-10 20:26:56,781 [trainer.py] => Average Accuracy (CNN): 96.65666666666665
2024-09-10 20:26:56,782 [trainer.py] => All params: 171826177
2024-09-10 20:26:56,783 [trainer.py] => Trainable params: 86027521
2024-09-10 20:26:56,783 [adam_ssf.py] => Learning on 15-20
2024-09-10 20:27:11,022 [trainer.py] => No NME accuracy.
2024-09-10 20:27:11,022 [trainer.py] => CNN: {'total': 92.5, '00-09': 94.4, '10-19': 90.6, 'old': 93.53, 'new': 89.4}
2024-09-10 20:27:11,022 [trainer.py] => CNN top1 curve: [99.6, 96.3, 94.07, 92.5]
2024-09-10 20:27:11,022 [trainer.py] => CNN top5 curve: [100.0, 100.0, 99.8, 99.15]

2024-09-10 20:27:11,022 [trainer.py] => Average Accuracy (CNN): 95.61749999999999
2024-09-10 20:27:11,023 [trainer.py] => All params: 171833857
2024-09-10 20:27:11,024 [trainer.py] => Trainable params: 86035201
2024-09-10 20:27:11,025 [adam_ssf.py] => Learning on 20-25
2024-09-10 20:27:26,769 [trainer.py] => No NME accuracy.
2024-09-10 20:27:26,769 [trainer.py] => CNN: {'total': 92.24, '00-09': 94.2, '10-19': 89.9, '20-29': 93.0, 'old': 92.05, 'new': 93.0}
2024-09-10 20:27:26,769 [trainer.py] => CNN top1 curve: [99.6, 96.3, 94.07, 92.5, 92.24]
2024-09-10 20:27:26,769 [trainer.py] => CNN top5 curve: [100.0, 100.0, 99.8, 99.15, 98.68]

2024-09-10 20:27:26,769 [trainer.py] => Average Accuracy (CNN): 94.942
2024-09-10 20:27:26,770 [trainer.py] => All params: 171841537
2024-09-10 20:27:26,771 [trainer.py] => Trainable params: 86042881
2024-09-10 20:27:26,772 [adam_ssf.py] => Learning on 25-30
2024-09-10 20:27:44,010 [trainer.py] => No NME accuracy.
2024-09-10 20:27:44,011 [trainer.py] => CNN: {'total': 91.2, '00-09': 92.4, '10-19': 89.0, '20-29': 92.2, 'old': 91.08, 'new': 91.8}
2024-09-10 20:27:44,011 [trainer.py] => CNN top1 curve: [99.6, 96.3, 94.07, 92.5, 92.24, 91.2]
2024-09-10 20:27:44,011 [trainer.py] => CNN top5 curve: [100.0, 100.0, 99.8, 99.15, 98.68, 98.6]

2024-09-10 20:27:44,011 [trainer.py] => Average Accuracy (CNN): 94.31833333333333
2024-09-10 20:27:44,012 [trainer.py] => All params: 171849217
2024-09-10 20:27:44,013 [trainer.py] => Trainable params: 86050561
2024-09-10 20:27:44,013 [adam_ssf.py] => Learning on 30-35
2024-09-10 20:28:02,643 [trainer.py] => No NME accuracy.
2024-09-10 20:28:02,643 [trainer.py] => CNN: {'total': 89.26, '00-09': 91.3, '10-19': 88.1, '20-29': 91.6, '30-39': 82.8, 'old': 90.33, 'new': 82.8}
2024-09-10 20:28:02,643 [trainer.py] => CNN top1 curve: [99.6, 96.3, 94.07, 92.5, 92.24, 91.2, 89.26]
2024-09-10 20:28:02,643 [trainer.py] => CNN top5 curve: [100.0, 100.0, 99.8, 99.15, 98.68, 98.6, 98.46]

2024-09-10 20:28:02,643 [trainer.py] => Average Accuracy (CNN): 93.59571428571428
2024-09-10 20:28:02,644 [trainer.py] => All params: 171856897
2024-09-10 20:28:02,645 [trainer.py] => Trainable params: 86058241
2024-09-10 20:28:02,645 [adam_ssf.py] => Learning on 35-40
2024-09-10 20:28:22,793 [trainer.py] => No NME accuracy.
2024-09-10 20:28:22,793 [trainer.py] => CNN: {'total': 88.65, '00-09': 90.9, '10-19': 86.9, '20-29': 90.6, '30-39': 86.2, 'old': 88.43, 'new': 90.2}
2024-09-10 20:28:22,793 [trainer.py] => CNN top1 curve: [99.6, 96.3, 94.07, 92.5, 92.24, 91.2, 89.26, 88.65]
2024-09-10 20:28:22,793 [trainer.py] => CNN top5 curve: [100.0, 100.0, 99.8, 99.15, 98.68, 98.6, 98.46, 98.22]

2024-09-10 20:28:22,793 [trainer.py] => Average Accuracy (CNN): 92.97749999999999
2024-09-10 20:28:22,794 [trainer.py] => All params: 171864577
2024-09-10 20:28:22,795 [trainer.py] => Trainable params: 86065921
2024-09-10 20:28:22,796 [adam_ssf.py] => Learning on 40-45
2024-09-10 20:28:44,373 [trainer.py] => No NME accuracy.
2024-09-10 20:28:44,373 [trainer.py] => CNN: {'total': 87.6, '00-09': 90.4, '10-19': 85.6, '20-29': 90.5, '30-39': 85.8, '40-49': 83.8, 'old': 88.08, 'new': 83.8}
2024-09-10 20:28:44,373 [trainer.py] => CNN top1 curve: [99.6, 96.3, 94.07, 92.5, 92.24, 91.2, 89.26, 88.65, 87.6]
2024-09-10 20:28:44,373 [trainer.py] => CNN top5 curve: [100.0, 100.0, 99.8, 99.15, 98.68, 98.6, 98.46, 98.22, 97.87]

2024-09-10 20:28:44,373 [trainer.py] => Average Accuracy (CNN): 92.38
2024-09-10 20:28:44,374 [trainer.py] => All params: 171872257
2024-09-10 20:28:44,375 [trainer.py] => Trainable params: 86073601
2024-09-10 20:28:44,376 [adam_ssf.py] => Learning on 45-50
2024-09-10 20:29:07,407 [trainer.py] => No NME accuracy.
2024-09-10 20:29:07,407 [trainer.py] => CNN: {'total': 86.9, '00-09': 89.8, '10-19': 85.0, '20-29': 89.2, '30-39': 83.7, '40-49': 86.8, 'old': 86.58, 'new': 89.8}
2024-09-10 20:29:07,408 [trainer.py] => CNN top1 curve: [99.6, 96.3, 94.07, 92.5, 92.24, 91.2, 89.26, 88.65, 87.6, 86.9]
2024-09-10 20:29:07,408 [trainer.py] => CNN top5 curve: [100.0, 100.0, 99.8, 99.15, 98.68, 98.6, 98.46, 98.22, 97.87, 97.76]

2024-09-10 20:29:07,408 [trainer.py] => Average Accuracy (CNN): 91.832
2024-09-10 20:29:07,409 [trainer.py] => All params: 171879937
2024-09-10 20:29:07,411 [trainer.py] => Trainable params: 86081281
2024-09-10 20:29:07,413 [adam_ssf.py] => Learning on 50-55
2024-09-10 20:29:32,001 [trainer.py] => No NME accuracy.
2024-09-10 20:29:32,002 [trainer.py] => CNN: {'total': 85.6, '00-09': 89.0, '10-19': 84.9, '20-29': 88.5, '30-39': 83.1, '40-49': 84.6, '50-59': 81.4, 'old': 86.02, 'new': 81.4}
2024-09-10 20:29:32,002 [trainer.py] => CNN top1 curve: [99.6, 96.3, 94.07, 92.5, 92.24, 91.2, 89.26, 88.65, 87.6, 86.9, 85.6]
2024-09-10 20:29:32,002 [trainer.py] => CNN top5 curve: [100.0, 100.0, 99.8, 99.15, 98.68, 98.6, 98.46, 98.22, 97.87, 97.76, 97.35]

2024-09-10 20:29:32,002 [trainer.py] => Average Accuracy (CNN): 91.26545454545455
2024-09-10 20:29:32,003 [trainer.py] => All params: 171887617
2024-09-10 20:29:32,004 [trainer.py] => Trainable params: 86088961
2024-09-10 20:29:32,005 [adam_ssf.py] => Learning on 55-60
2024-09-10 20:29:58,056 [trainer.py] => No NME accuracy.
2024-09-10 20:29:58,057 [trainer.py] => CNN: {'total': 85.58, '00-09': 88.6, '10-19': 84.7, '20-29': 88.3, '30-39': 83.1, '40-49': 84.6, '50-59': 84.2, 'old': 85.45, 'new': 87.0}
2024-09-10 20:29:58,057 [trainer.py] => CNN top1 curve: [99.6, 96.3, 94.07, 92.5, 92.24, 91.2, 89.26, 88.65, 87.6, 86.9, 85.6, 85.58]
2024-09-10 20:29:58,057 [trainer.py] => CNN top5 curve: [100.0, 100.0, 99.8, 99.15, 98.68, 98.6, 98.46, 98.22, 97.87, 97.76, 97.35, 97.0]

2024-09-10 20:29:58,057 [trainer.py] => Average Accuracy (CNN): 90.79166666666667
2024-09-10 20:29:58,058 [trainer.py] => All params: 171895297
2024-09-10 20:29:58,059 [trainer.py] => Trainable params: 86096641
2024-09-10 20:29:58,060 [adam_ssf.py] => Learning on 60-65
2024-09-10 20:30:25,725 [trainer.py] => No NME accuracy.
2024-09-10 20:30:25,725 [trainer.py] => CNN: {'total': 85.09, '00-09': 88.6, '10-19': 84.1, '20-29': 88.2, '30-39': 83.1, '40-49': 84.5, '50-59': 82.4, '60-69': 84.4, 'old': 85.15, 'new': 84.4}
2024-09-10 20:30:25,725 [trainer.py] => CNN top1 curve: [99.6, 96.3, 94.07, 92.5, 92.24, 91.2, 89.26, 88.65, 87.6, 86.9, 85.6, 85.58, 85.09]
2024-09-10 20:30:25,725 [trainer.py] => CNN top5 curve: [100.0, 100.0, 99.8, 99.15, 98.68, 98.6, 98.46, 98.22, 97.87, 97.76, 97.35, 97.0, 96.94]

2024-09-10 20:30:25,725 [trainer.py] => Average Accuracy (CNN): 90.35307692307691
2024-09-10 20:30:25,727 [trainer.py] => All params: 171902977
2024-09-10 20:30:25,728 [trainer.py] => Trainable params: 86104321
2024-09-10 20:30:25,730 [adam_ssf.py] => Learning on 65-70
2024-09-10 20:30:54,767 [trainer.py] => No NME accuracy.
2024-09-10 20:30:54,767 [trainer.py] => CNN: {'total': 85.21, '00-09': 87.8, '10-19': 83.9, '20-29': 88.2, '30-39': 83.0, '40-49': 84.3, '50-59': 82.4, '60-69': 86.9, 'old': 84.77, 'new': 91.0}
2024-09-10 20:30:54,767 [trainer.py] => CNN top1 curve: [99.6, 96.3, 94.07, 92.5, 92.24, 91.2, 89.26, 88.65, 87.6, 86.9, 85.6, 85.58, 85.09, 85.21]
2024-09-10 20:30:54,767 [trainer.py] => CNN top5 curve: [100.0, 100.0, 99.8, 99.15, 98.68, 98.6, 98.46, 98.22, 97.87, 97.76, 97.35, 97.0, 96.94, 96.93]

2024-09-10 20:30:54,767 [trainer.py] => Average Accuracy (CNN): 89.98571428571428
2024-09-10 20:30:54,768 [trainer.py] => All params: 171910657
2024-09-10 20:30:54,769 [trainer.py] => Trainable params: 86112001
2024-09-10 20:30:54,770 [adam_ssf.py] => Learning on 70-75
2024-09-10 20:31:25,166 [trainer.py] => No NME accuracy.
2024-09-10 20:31:25,166 [trainer.py] => CNN: {'total': 84.33, '00-09': 87.5, '10-19': 83.1, '20-29': 88.1, '30-39': 82.5, '40-49': 83.7, '50-59': 81.3, '60-69': 85.0, '70-79': 82.6, 'old': 84.46, 'new': 82.6}
2024-09-10 20:31:25,166 [trainer.py] => CNN top1 curve: [99.6, 96.3, 94.07, 92.5, 92.24, 91.2, 89.26, 88.65, 87.6, 86.9, 85.6, 85.58, 85.09, 85.21, 84.33]
2024-09-10 20:31:25,166 [trainer.py] => CNN top5 curve: [100.0, 100.0, 99.8, 99.15, 98.68, 98.6, 98.46, 98.22, 97.87, 97.76, 97.35, 97.0, 96.94, 96.93, 96.6]

2024-09-10 20:31:25,166 [trainer.py] => Average Accuracy (CNN): 89.60866666666666
2024-09-10 20:31:25,167 [trainer.py] => All params: 171918337
2024-09-10 20:31:25,168 [trainer.py] => Trainable params: 86119681
2024-09-10 20:31:25,169 [adam_ssf.py] => Learning on 75-80
2024-09-10 20:31:57,288 [trainer.py] => No NME accuracy.
2024-09-10 20:31:57,288 [trainer.py] => CNN: {'total': 83.08, '00-09': 87.2, '10-19': 83.1, '20-29': 88.1, '30-39': 82.4, '40-49': 81.6, '50-59': 79.4, '60-69': 84.5, '70-79': 78.3, 'old': 83.63, 'new': 74.8}
2024-09-10 20:31:57,288 [trainer.py] => CNN top1 curve: [99.6, 96.3, 94.07, 92.5, 92.24, 91.2, 89.26, 88.65, 87.6, 86.9, 85.6, 85.58, 85.09, 85.21, 84.33, 83.08]
2024-09-10 20:31:57,288 [trainer.py] => CNN top5 curve: [100.0, 100.0, 99.8, 99.15, 98.68, 98.6, 98.46, 98.22, 97.87, 97.76, 97.35, 97.0, 96.94, 96.93, 96.6, 96.46]

2024-09-10 20:31:57,288 [trainer.py] => Average Accuracy (CNN): 89.20062499999999
2024-09-10 20:31:57,289 [trainer.py] => All params: 171926017
2024-09-10 20:31:57,290 [trainer.py] => Trainable params: 86127361
2024-09-10 20:31:57,291 [adam_ssf.py] => Learning on 80-85
2024-09-10 20:32:30,877 [trainer.py] => No NME accuracy.
2024-09-10 20:32:30,877 [trainer.py] => CNN: {'total': 82.86, '00-09': 86.9, '10-19': 82.6, '20-29': 87.4, '30-39': 82.4, '40-49': 80.3, '50-59': 79.0, '60-69': 83.9, '70-79': 78.3, '80-89': 87.0, 'old': 82.6, 'new': 87.0}
2024-09-10 20:32:30,877 [trainer.py] => CNN top1 curve: [99.6, 96.3, 94.07, 92.5, 92.24, 91.2, 89.26, 88.65, 87.6, 86.9, 85.6, 85.58, 85.09, 85.21, 84.33, 83.08, 82.86]
2024-09-10 20:32:30,877 [trainer.py] => CNN top5 curve: [100.0, 100.0, 99.8, 99.15, 98.68, 98.6, 98.46, 98.22, 97.87, 97.76, 97.35, 97.0, 96.94, 96.93, 96.6, 96.46, 96.45]

2024-09-10 20:32:30,878 [trainer.py] => Average Accuracy (CNN): 88.82764705882352
2024-09-10 20:32:30,879 [trainer.py] => All params: 171933697
2024-09-10 20:32:30,879 [trainer.py] => Trainable params: 86135041
2024-09-10 20:32:30,881 [adam_ssf.py] => Learning on 85-90
2024-09-10 20:33:05,803 [trainer.py] => No NME accuracy.
2024-09-10 20:33:05,803 [trainer.py] => CNN: {'total': 82.57, '00-09': 86.5, '10-19': 81.8, '20-29': 87.4, '30-39': 82.4, '40-49': 80.3, '50-59': 78.9, '60-69': 83.9, '70-79': 77.8, '80-89': 84.1, 'old': 82.65, 'new': 81.2}
2024-09-10 20:33:05,803 [trainer.py] => CNN top1 curve: [99.6, 96.3, 94.07, 92.5, 92.24, 91.2, 89.26, 88.65, 87.6, 86.9, 85.6, 85.58, 85.09, 85.21, 84.33, 83.08, 82.86, 82.57]
2024-09-10 20:33:05,803 [trainer.py] => CNN top5 curve: [100.0, 100.0, 99.8, 99.15, 98.68, 98.6, 98.46, 98.22, 97.87, 97.76, 97.35, 97.0, 96.94, 96.93, 96.6, 96.46, 96.45, 96.11]

2024-09-10 20:33:05,803 [trainer.py] => Average Accuracy (CNN): 88.47999999999998
2024-09-10 20:33:05,804 [trainer.py] => All params: 171941377
2024-09-10 20:33:05,805 [trainer.py] => Trainable params: 86142721
2024-09-10 20:33:05,806 [adam_ssf.py] => Learning on 90-95
2024-09-10 20:33:42,077 [trainer.py] => No NME accuracy.
2024-09-10 20:33:42,078 [trainer.py] => CNN: {'total': 82.48, '00-09': 85.8, '10-19': 81.5, '20-29': 87.0, '30-39': 82.2, '40-49': 79.3, '50-59': 78.3, '60-69': 83.9, '70-79': 77.2, '80-89': 83.8, '90-99': 89.2, 'old': 82.11, 'new': 89.2}
2024-09-10 20:33:42,078 [trainer.py] => CNN top1 curve: [99.6, 96.3, 94.07, 92.5, 92.24, 91.2, 89.26, 88.65, 87.6, 86.9, 85.6, 85.58, 85.09, 85.21, 84.33, 83.08, 82.86, 82.57, 82.48]
2024-09-10 20:33:42,078 [trainer.py] => CNN top5 curve: [100.0, 100.0, 99.8, 99.15, 98.68, 98.6, 98.46, 98.22, 97.87, 97.76, 97.35, 97.0, 96.94, 96.93, 96.6, 96.46, 96.45, 96.11, 95.95]

2024-09-10 20:33:42,078 [trainer.py] => Average Accuracy (CNN): 88.16421052631577
2024-09-10 20:33:42,079 [trainer.py] => All params: 171949057
2024-09-10 20:33:42,080 [trainer.py] => Trainable params: 86150401
2024-09-10 20:33:42,081 [adam_ssf.py] => Learning on 95-100
2024-09-10 20:34:19,934 [trainer.py] => No NME accuracy.
2024-09-10 20:34:19,934 [trainer.py] => CNN: {'total': 81.96, '00-09': 85.7, '10-19': 81.1, '20-29': 86.9, '30-39': 81.8, '40-49': 78.9, '50-59': 77.7, '60-69': 83.8, '70-79': 77.0, '80-89': 83.4, '90-99': 83.3, 'old': 82.17, 'new': 78.0}
2024-09-10 20:34:19,934 [trainer.py] => CNN top1 curve: [99.6, 96.3, 94.07, 92.5, 92.24, 91.2, 89.26, 88.65, 87.6, 86.9, 85.6, 85.58, 85.09, 85.21, 84.33, 83.08, 82.86, 82.57, 82.48, 81.96]
2024-09-10 20:34:19,934 [trainer.py] => CNN top5 curve: [100.0, 100.0, 99.8, 99.15, 98.68, 98.6, 98.46, 98.22, 97.87, 97.76, 97.35, 97.0, 96.94, 96.93, 96.6, 96.46, 96.45, 96.11, 95.95, 95.66]

2024-09-10 20:34:19,934 [trainer.py] => Average Accuracy (CNN): 87.85399999999998
2024-09-10 20:47:28,250 [trainer.py] => config: ./exps/adam_ssf.json
2024-09-10 20:47:28,250 [trainer.py] => prefix:  
2024-09-10 20:47:28,250 [trainer.py] => dataset: cifar224
2024-09-10 20:47:28,250 [trainer.py] => memory_size: 2000
2024-09-10 20:47:28,250 [trainer.py] => memory_per_class: 20
2024-09-10 20:47:28,250 [trainer.py] => fixed_memory: False
2024-09-10 20:47:28,250 [trainer.py] => shuffle: True
2024-09-10 20:47:28,250 [trainer.py] => init_cls: 5
2024-09-10 20:47:28,250 [trainer.py] => increment: 5
2024-09-10 20:47:28,250 [trainer.py] => model_name: adam_ssf
2024-09-10 20:47:28,250 [trainer.py] => convnet_type: pretrained_vit_b16_224_in21k_ssf
2024-09-10 20:47:28,250 [trainer.py] => device: [device(type='cuda', index=0)]
2024-09-10 20:47:28,250 [trainer.py] => seed: 1993
2024-09-10 20:47:28,250 [trainer.py] => tuned_epoch: 20
2024-09-10 20:47:28,250 [trainer.py] => init_lr: 0.01
2024-09-10 20:47:28,250 [trainer.py] => batch_size: 48
2024-09-10 20:47:28,250 [trainer.py] => weight_decay: 0.0005
2024-09-10 20:47:28,250 [trainer.py] => min_lr: 0
2024-09-10 20:47:28,250 [trainer.py] => ffn_num: 64
2024-09-10 20:47:28,250 [trainer.py] => optimizer: sgd
2024-09-10 20:47:28,250 [trainer.py] => vpt_type: shallow
2024-09-10 20:47:28,250 [trainer.py] => prompt_token_num: 5
2024-09-10 20:47:29,527 [data_manager.py] => [68, 56, 78, 8, 23, 84, 90, 65, 74, 76, 40, 89, 3, 92, 55, 9, 26, 80, 43, 38, 58, 70, 77, 1, 85, 19, 17, 50, 28, 53, 13, 81, 45, 82, 6, 59, 83, 16, 15, 44, 91, 41, 72, 60, 79, 52, 20, 10, 31, 54, 37, 95, 14, 71, 96, 98, 97, 2, 64, 66, 42, 22, 35, 86, 24, 34, 87, 21, 99, 0, 88, 27, 18, 94, 11, 12, 47, 25, 30, 46, 62, 69, 36, 61, 7, 63, 75, 5, 32, 4, 51, 48, 73, 93, 39, 67, 29, 49, 57, 33]
2024-09-10 20:47:31,065 [trainer.py] => All params: 86004480
2024-09-10 20:47:31,066 [trainer.py] => Trainable params: 86004480
2024-09-10 20:47:31,642 [adam_ssf.py] => Learning on 0-5
2024-09-10 20:51:08,001 [adam_ssf.py] => Task 0, Epoch 20/20 => Loss 0.117, Train_accy 96.48, Test_accy 99.80
2024-09-10 20:51:20,096 [trainer.py] => No NME accuracy.
2024-09-10 20:51:20,096 [trainer.py] => CNN: {'total': 99.6, '00-09': 99.6, 'old': 0, 'new': 99.6}
2024-09-10 20:51:20,096 [trainer.py] => CNN top1 curve: [99.6]
2024-09-10 20:51:20,096 [trainer.py] => CNN top5 curve: [100.0]

2024-09-10 20:51:20,096 [trainer.py] => Average Accuracy (CNN): 99.6
2024-09-10 20:51:20,098 [trainer.py] => All params: 171810817
2024-09-10 20:51:20,099 [trainer.py] => Trainable params: 86012161
2024-09-10 20:51:20,100 [adam_ssf.py] => Learning on 5-10
2024-09-10 20:51:31,543 [trainer.py] => No NME accuracy.
2024-09-10 20:51:31,543 [trainer.py] => CNN: {'total': 96.3, '00-09': 96.3, 'old': 98.8, 'new': 93.8}
2024-09-10 20:51:31,543 [trainer.py] => CNN top1 curve: [99.6, 96.3]
2024-09-10 20:51:31,543 [trainer.py] => CNN top5 curve: [100.0, 100.0]

2024-09-10 20:51:31,543 [trainer.py] => Average Accuracy (CNN): 97.94999999999999
2024-09-10 20:51:31,545 [trainer.py] => All params: 171818497
2024-09-10 20:51:31,546 [trainer.py] => Trainable params: 86019841
2024-09-10 20:51:31,547 [adam_ssf.py] => Learning on 10-15
2024-09-10 20:51:44,384 [trainer.py] => No NME accuracy.
2024-09-10 20:51:44,384 [trainer.py] => CNN: {'total': 94.07, '00-09': 95.1, '10-19': 92.0, 'old': 95.1, 'new': 92.0}
2024-09-10 20:51:44,384 [trainer.py] => CNN top1 curve: [99.6, 96.3, 94.07]
2024-09-10 20:51:44,384 [trainer.py] => CNN top5 curve: [100.0, 100.0, 99.8]

2024-09-10 20:51:44,384 [trainer.py] => Average Accuracy (CNN): 96.65666666666665
2024-09-10 20:51:44,386 [trainer.py] => All params: 171826177
2024-09-10 20:51:44,386 [trainer.py] => Trainable params: 86027521
2024-09-10 20:51:44,387 [adam_ssf.py] => Learning on 15-20
2024-09-10 20:51:58,615 [trainer.py] => No NME accuracy.
2024-09-10 20:51:58,615 [trainer.py] => CNN: {'total': 92.5, '00-09': 94.4, '10-19': 90.6, 'old': 93.53, 'new': 89.4}
2024-09-10 20:51:58,615 [trainer.py] => CNN top1 curve: [99.6, 96.3, 94.07, 92.5]
2024-09-10 20:51:58,615 [trainer.py] => CNN top5 curve: [100.0, 100.0, 99.8, 99.15]

2024-09-10 20:51:58,615 [trainer.py] => Average Accuracy (CNN): 95.61749999999999
2024-09-10 20:51:58,616 [trainer.py] => All params: 171833857
2024-09-10 20:51:58,617 [trainer.py] => Trainable params: 86035201
2024-09-10 20:51:58,618 [adam_ssf.py] => Learning on 20-25
2024-09-10 20:52:14,380 [trainer.py] => No NME accuracy.
2024-09-10 20:52:14,381 [trainer.py] => CNN: {'total': 92.24, '00-09': 94.2, '10-19': 89.9, '20-29': 93.0, 'old': 92.05, 'new': 93.0}
2024-09-10 20:52:14,381 [trainer.py] => CNN top1 curve: [99.6, 96.3, 94.07, 92.5, 92.24]
2024-09-10 20:52:14,381 [trainer.py] => CNN top5 curve: [100.0, 100.0, 99.8, 99.15, 98.68]

2024-09-10 20:52:14,381 [trainer.py] => Average Accuracy (CNN): 94.942
2024-09-10 20:52:14,383 [trainer.py] => All params: 171841537
2024-09-10 20:52:14,384 [trainer.py] => Trainable params: 86042881
2024-09-10 20:52:14,386 [adam_ssf.py] => Learning on 25-30
2024-09-10 20:52:31,736 [trainer.py] => No NME accuracy.
2024-09-10 20:52:31,736 [trainer.py] => CNN: {'total': 91.2, '00-09': 92.4, '10-19': 89.0, '20-29': 92.2, 'old': 91.08, 'new': 91.8}
2024-09-10 20:52:31,736 [trainer.py] => CNN top1 curve: [99.6, 96.3, 94.07, 92.5, 92.24, 91.2]
2024-09-10 20:52:31,736 [trainer.py] => CNN top5 curve: [100.0, 100.0, 99.8, 99.15, 98.68, 98.6]

2024-09-10 20:52:31,736 [trainer.py] => Average Accuracy (CNN): 94.31833333333333
2024-09-10 20:52:31,737 [trainer.py] => All params: 171849217
2024-09-10 20:52:31,738 [trainer.py] => Trainable params: 86050561
2024-09-10 20:52:31,739 [adam_ssf.py] => Learning on 30-35
2024-09-10 20:52:50,543 [trainer.py] => No NME accuracy.
2024-09-10 20:52:50,543 [trainer.py] => CNN: {'total': 89.26, '00-09': 91.3, '10-19': 88.1, '20-29': 91.6, '30-39': 82.8, 'old': 90.33, 'new': 82.8}
2024-09-10 20:52:50,543 [trainer.py] => CNN top1 curve: [99.6, 96.3, 94.07, 92.5, 92.24, 91.2, 89.26]
2024-09-10 20:52:50,543 [trainer.py] => CNN top5 curve: [100.0, 100.0, 99.8, 99.15, 98.68, 98.6, 98.46]

2024-09-10 20:52:50,543 [trainer.py] => Average Accuracy (CNN): 93.59571428571428
2024-09-10 20:52:50,544 [trainer.py] => All params: 171856897
2024-09-10 20:52:50,545 [trainer.py] => Trainable params: 86058241
2024-09-10 20:52:50,546 [adam_ssf.py] => Learning on 35-40
2024-09-10 20:53:10,931 [trainer.py] => No NME accuracy.
2024-09-10 20:53:10,931 [trainer.py] => CNN: {'total': 88.65, '00-09': 90.9, '10-19': 86.9, '20-29': 90.6, '30-39': 86.2, 'old': 88.43, 'new': 90.2}
2024-09-10 20:53:10,931 [trainer.py] => CNN top1 curve: [99.6, 96.3, 94.07, 92.5, 92.24, 91.2, 89.26, 88.65]
2024-09-10 20:53:10,931 [trainer.py] => CNN top5 curve: [100.0, 100.0, 99.8, 99.15, 98.68, 98.6, 98.46, 98.22]

2024-09-10 20:53:10,931 [trainer.py] => Average Accuracy (CNN): 92.97749999999999
2024-09-10 20:53:10,932 [trainer.py] => All params: 171864577
2024-09-10 20:53:10,933 [trainer.py] => Trainable params: 86065921
2024-09-10 20:53:10,934 [adam_ssf.py] => Learning on 40-45
2024-09-10 20:53:32,589 [trainer.py] => No NME accuracy.
2024-09-10 20:53:32,589 [trainer.py] => CNN: {'total': 87.6, '00-09': 90.4, '10-19': 85.6, '20-29': 90.5, '30-39': 85.8, '40-49': 83.8, 'old': 88.08, 'new': 83.8}
2024-09-10 20:53:32,589 [trainer.py] => CNN top1 curve: [99.6, 96.3, 94.07, 92.5, 92.24, 91.2, 89.26, 88.65, 87.6]
2024-09-10 20:53:32,589 [trainer.py] => CNN top5 curve: [100.0, 100.0, 99.8, 99.15, 98.68, 98.6, 98.46, 98.22, 97.87]

2024-09-10 20:53:32,589 [trainer.py] => Average Accuracy (CNN): 92.38
2024-09-10 20:53:32,591 [trainer.py] => All params: 171872257
2024-09-10 20:53:32,593 [trainer.py] => Trainable params: 86073601
2024-09-10 20:53:32,594 [adam_ssf.py] => Learning on 45-50
2024-09-10 20:53:55,774 [trainer.py] => No NME accuracy.
2024-09-10 20:53:55,774 [trainer.py] => CNN: {'total': 86.9, '00-09': 89.8, '10-19': 85.0, '20-29': 89.2, '30-39': 83.7, '40-49': 86.8, 'old': 86.58, 'new': 89.8}
2024-09-10 20:53:55,774 [trainer.py] => CNN top1 curve: [99.6, 96.3, 94.07, 92.5, 92.24, 91.2, 89.26, 88.65, 87.6, 86.9]
2024-09-10 20:53:55,774 [trainer.py] => CNN top5 curve: [100.0, 100.0, 99.8, 99.15, 98.68, 98.6, 98.46, 98.22, 97.87, 97.76]

2024-09-10 20:53:55,774 [trainer.py] => Average Accuracy (CNN): 91.832
2024-09-10 20:53:55,775 [trainer.py] => All params: 171879937
2024-09-10 20:53:55,776 [trainer.py] => Trainable params: 86081281
2024-09-10 20:53:55,777 [adam_ssf.py] => Learning on 50-55
2024-09-10 20:54:20,817 [trainer.py] => No NME accuracy.
2024-09-10 20:54:20,817 [trainer.py] => CNN: {'total': 85.6, '00-09': 89.0, '10-19': 84.9, '20-29': 88.5, '30-39': 83.1, '40-49': 84.6, '50-59': 81.4, 'old': 86.02, 'new': 81.4}
2024-09-10 20:54:20,817 [trainer.py] => CNN top1 curve: [99.6, 96.3, 94.07, 92.5, 92.24, 91.2, 89.26, 88.65, 87.6, 86.9, 85.6]
2024-09-10 20:54:20,817 [trainer.py] => CNN top5 curve: [100.0, 100.0, 99.8, 99.15, 98.68, 98.6, 98.46, 98.22, 97.87, 97.76, 97.35]

2024-09-10 20:54:20,817 [trainer.py] => Average Accuracy (CNN): 91.26545454545455
2024-09-10 20:54:20,818 [trainer.py] => All params: 171887617
2024-09-10 20:54:20,819 [trainer.py] => Trainable params: 86088961
2024-09-10 20:54:20,820 [adam_ssf.py] => Learning on 55-60
2024-09-10 20:54:47,144 [trainer.py] => No NME accuracy.
2024-09-10 20:54:47,144 [trainer.py] => CNN: {'total': 85.58, '00-09': 88.6, '10-19': 84.7, '20-29': 88.3, '30-39': 83.1, '40-49': 84.6, '50-59': 84.2, 'old': 85.45, 'new': 87.0}
2024-09-10 20:54:47,144 [trainer.py] => CNN top1 curve: [99.6, 96.3, 94.07, 92.5, 92.24, 91.2, 89.26, 88.65, 87.6, 86.9, 85.6, 85.58]
2024-09-10 20:54:47,144 [trainer.py] => CNN top5 curve: [100.0, 100.0, 99.8, 99.15, 98.68, 98.6, 98.46, 98.22, 97.87, 97.76, 97.35, 97.0]

2024-09-10 20:54:47,144 [trainer.py] => Average Accuracy (CNN): 90.79166666666667
2024-09-10 20:54:47,145 [trainer.py] => All params: 171895297
2024-09-10 20:54:47,146 [trainer.py] => Trainable params: 86096641
2024-09-10 20:54:47,147 [adam_ssf.py] => Learning on 60-65
2024-09-10 20:55:14,788 [trainer.py] => No NME accuracy.
2024-09-10 20:55:14,788 [trainer.py] => CNN: {'total': 85.09, '00-09': 88.6, '10-19': 84.1, '20-29': 88.2, '30-39': 83.1, '40-49': 84.5, '50-59': 82.4, '60-69': 84.4, 'old': 85.15, 'new': 84.4}
2024-09-10 20:55:14,788 [trainer.py] => CNN top1 curve: [99.6, 96.3, 94.07, 92.5, 92.24, 91.2, 89.26, 88.65, 87.6, 86.9, 85.6, 85.58, 85.09]
2024-09-10 20:55:14,788 [trainer.py] => CNN top5 curve: [100.0, 100.0, 99.8, 99.15, 98.68, 98.6, 98.46, 98.22, 97.87, 97.76, 97.35, 97.0, 96.94]

2024-09-10 20:55:14,788 [trainer.py] => Average Accuracy (CNN): 90.35307692307691
2024-09-10 20:55:14,789 [trainer.py] => All params: 171902977
2024-09-10 20:55:14,790 [trainer.py] => Trainable params: 86104321
2024-09-10 20:55:14,791 [adam_ssf.py] => Learning on 65-70
2024-09-10 20:55:43,915 [trainer.py] => No NME accuracy.
2024-09-10 20:55:43,915 [trainer.py] => CNN: {'total': 85.21, '00-09': 87.8, '10-19': 83.9, '20-29': 88.2, '30-39': 83.0, '40-49': 84.3, '50-59': 82.4, '60-69': 86.9, 'old': 84.77, 'new': 91.0}
2024-09-10 20:55:43,915 [trainer.py] => CNN top1 curve: [99.6, 96.3, 94.07, 92.5, 92.24, 91.2, 89.26, 88.65, 87.6, 86.9, 85.6, 85.58, 85.09, 85.21]
2024-09-10 20:55:43,915 [trainer.py] => CNN top5 curve: [100.0, 100.0, 99.8, 99.15, 98.68, 98.6, 98.46, 98.22, 97.87, 97.76, 97.35, 97.0, 96.94, 96.93]

2024-09-10 20:55:43,915 [trainer.py] => Average Accuracy (CNN): 89.98571428571428
2024-09-10 20:55:43,917 [trainer.py] => All params: 171910657
2024-09-10 20:55:43,917 [trainer.py] => Trainable params: 86112001
2024-09-10 20:55:43,918 [adam_ssf.py] => Learning on 70-75
2024-09-10 20:56:14,619 [trainer.py] => No NME accuracy.
2024-09-10 20:56:14,619 [trainer.py] => CNN: {'total': 84.33, '00-09': 87.5, '10-19': 83.1, '20-29': 88.1, '30-39': 82.5, '40-49': 83.7, '50-59': 81.3, '60-69': 85.0, '70-79': 82.6, 'old': 84.46, 'new': 82.6}
2024-09-10 20:56:14,619 [trainer.py] => CNN top1 curve: [99.6, 96.3, 94.07, 92.5, 92.24, 91.2, 89.26, 88.65, 87.6, 86.9, 85.6, 85.58, 85.09, 85.21, 84.33]
2024-09-10 20:56:14,619 [trainer.py] => CNN top5 curve: [100.0, 100.0, 99.8, 99.15, 98.68, 98.6, 98.46, 98.22, 97.87, 97.76, 97.35, 97.0, 96.94, 96.93, 96.6]

2024-09-10 20:56:14,619 [trainer.py] => Average Accuracy (CNN): 89.60866666666666
2024-09-10 20:56:14,621 [trainer.py] => All params: 171918337
2024-09-10 20:56:14,621 [trainer.py] => Trainable params: 86119681
2024-09-10 20:56:14,622 [adam_ssf.py] => Learning on 75-80
2024-09-10 20:56:46,902 [trainer.py] => No NME accuracy.
2024-09-10 20:56:46,903 [trainer.py] => CNN: {'total': 83.08, '00-09': 87.2, '10-19': 83.1, '20-29': 88.1, '30-39': 82.4, '40-49': 81.6, '50-59': 79.4, '60-69': 84.5, '70-79': 78.3, 'old': 83.63, 'new': 74.8}
2024-09-10 20:56:46,903 [trainer.py] => CNN top1 curve: [99.6, 96.3, 94.07, 92.5, 92.24, 91.2, 89.26, 88.65, 87.6, 86.9, 85.6, 85.58, 85.09, 85.21, 84.33, 83.08]
2024-09-10 20:56:46,903 [trainer.py] => CNN top5 curve: [100.0, 100.0, 99.8, 99.15, 98.68, 98.6, 98.46, 98.22, 97.87, 97.76, 97.35, 97.0, 96.94, 96.93, 96.6, 96.46]

2024-09-10 20:56:46,903 [trainer.py] => Average Accuracy (CNN): 89.20062499999999
2024-09-10 20:56:46,905 [trainer.py] => All params: 171926017
2024-09-10 20:56:46,906 [trainer.py] => Trainable params: 86127361
2024-09-10 20:56:46,908 [adam_ssf.py] => Learning on 80-85
2024-09-10 20:57:20,410 [trainer.py] => No NME accuracy.
2024-09-10 20:57:20,410 [trainer.py] => CNN: {'total': 82.86, '00-09': 86.9, '10-19': 82.6, '20-29': 87.4, '30-39': 82.4, '40-49': 80.3, '50-59': 79.0, '60-69': 83.9, '70-79': 78.3, '80-89': 87.0, 'old': 82.6, 'new': 87.0}
2024-09-10 20:57:20,410 [trainer.py] => CNN top1 curve: [99.6, 96.3, 94.07, 92.5, 92.24, 91.2, 89.26, 88.65, 87.6, 86.9, 85.6, 85.58, 85.09, 85.21, 84.33, 83.08, 82.86]
2024-09-10 20:57:20,410 [trainer.py] => CNN top5 curve: [100.0, 100.0, 99.8, 99.15, 98.68, 98.6, 98.46, 98.22, 97.87, 97.76, 97.35, 97.0, 96.94, 96.93, 96.6, 96.46, 96.45]

2024-09-10 20:57:20,410 [trainer.py] => Average Accuracy (CNN): 88.82764705882352
2024-09-10 20:57:20,411 [trainer.py] => All params: 171933697
2024-09-10 20:57:20,412 [trainer.py] => Trainable params: 86135041
2024-09-10 20:57:20,413 [adam_ssf.py] => Learning on 85-90
2024-09-10 20:57:55,774 [trainer.py] => No NME accuracy.
2024-09-10 20:57:55,774 [trainer.py] => CNN: {'total': 82.57, '00-09': 86.5, '10-19': 81.8, '20-29': 87.4, '30-39': 82.4, '40-49': 80.3, '50-59': 78.9, '60-69': 83.9, '70-79': 77.8, '80-89': 84.1, 'old': 82.65, 'new': 81.2}
2024-09-10 20:57:55,774 [trainer.py] => CNN top1 curve: [99.6, 96.3, 94.07, 92.5, 92.24, 91.2, 89.26, 88.65, 87.6, 86.9, 85.6, 85.58, 85.09, 85.21, 84.33, 83.08, 82.86, 82.57]
2024-09-10 20:57:55,775 [trainer.py] => CNN top5 curve: [100.0, 100.0, 99.8, 99.15, 98.68, 98.6, 98.46, 98.22, 97.87, 97.76, 97.35, 97.0, 96.94, 96.93, 96.6, 96.46, 96.45, 96.11]

2024-09-10 20:57:55,775 [trainer.py] => Average Accuracy (CNN): 88.47999999999998
2024-09-10 20:57:55,776 [trainer.py] => All params: 171941377
2024-09-10 20:57:55,776 [trainer.py] => Trainable params: 86142721
2024-09-10 20:57:55,778 [adam_ssf.py] => Learning on 90-95
2024-09-10 20:58:32,199 [trainer.py] => No NME accuracy.
2024-09-10 20:58:32,199 [trainer.py] => CNN: {'total': 82.48, '00-09': 85.8, '10-19': 81.5, '20-29': 87.0, '30-39': 82.2, '40-49': 79.3, '50-59': 78.3, '60-69': 83.9, '70-79': 77.2, '80-89': 83.8, '90-99': 89.2, 'old': 82.11, 'new': 89.2}
2024-09-10 20:58:32,199 [trainer.py] => CNN top1 curve: [99.6, 96.3, 94.07, 92.5, 92.24, 91.2, 89.26, 88.65, 87.6, 86.9, 85.6, 85.58, 85.09, 85.21, 84.33, 83.08, 82.86, 82.57, 82.48]
2024-09-10 20:58:32,199 [trainer.py] => CNN top5 curve: [100.0, 100.0, 99.8, 99.15, 98.68, 98.6, 98.46, 98.22, 97.87, 97.76, 97.35, 97.0, 96.94, 96.93, 96.6, 96.46, 96.45, 96.11, 95.95]

2024-09-10 20:58:32,199 [trainer.py] => Average Accuracy (CNN): 88.16421052631577
2024-09-10 20:58:32,200 [trainer.py] => All params: 171949057
2024-09-10 20:58:32,201 [trainer.py] => Trainable params: 86150401
2024-09-10 20:58:32,202 [adam_ssf.py] => Learning on 95-100
2024-09-10 20:59:10,429 [trainer.py] => No NME accuracy.
2024-09-10 20:59:10,429 [trainer.py] => CNN: {'total': 81.96, '00-09': 85.7, '10-19': 81.1, '20-29': 86.9, '30-39': 81.8, '40-49': 78.9, '50-59': 77.7, '60-69': 83.8, '70-79': 77.0, '80-89': 83.4, '90-99': 83.3, 'old': 82.17, 'new': 78.0}
2024-09-10 20:59:10,429 [trainer.py] => CNN top1 curve: [99.6, 96.3, 94.07, 92.5, 92.24, 91.2, 89.26, 88.65, 87.6, 86.9, 85.6, 85.58, 85.09, 85.21, 84.33, 83.08, 82.86, 82.57, 82.48, 81.96]
2024-09-10 20:59:10,429 [trainer.py] => CNN top5 curve: [100.0, 100.0, 99.8, 99.15, 98.68, 98.6, 98.46, 98.22, 97.87, 97.76, 97.35, 97.0, 96.94, 96.93, 96.6, 96.46, 96.45, 96.11, 95.95, 95.66]

2024-09-10 20:59:10,429 [trainer.py] => Average Accuracy (CNN): 87.85399999999998
2024-09-10 21:08:17,088 [trainer.py] => config: ./exps/adam_ssf.json
2024-09-10 21:08:17,088 [trainer.py] => prefix:  
2024-09-10 21:08:17,088 [trainer.py] => dataset: cifar224
2024-09-10 21:08:17,088 [trainer.py] => memory_size: 2000
2024-09-10 21:08:17,088 [trainer.py] => memory_per_class: 20
2024-09-10 21:08:17,088 [trainer.py] => fixed_memory: True
2024-09-10 21:08:17,088 [trainer.py] => shuffle: True
2024-09-10 21:08:17,088 [trainer.py] => init_cls: 5
2024-09-10 21:08:17,088 [trainer.py] => increment: 5
2024-09-10 21:08:17,088 [trainer.py] => model_name: adam_ssf
2024-09-10 21:08:17,088 [trainer.py] => convnet_type: pretrained_vit_b16_224_in21k_ssf
2024-09-10 21:08:17,088 [trainer.py] => device: [device(type='cuda', index=0)]
2024-09-10 21:08:17,088 [trainer.py] => seed: 1993
2024-09-10 21:08:17,088 [trainer.py] => tuned_epoch: 20
2024-09-10 21:08:17,088 [trainer.py] => init_lr: 0.01
2024-09-10 21:08:17,088 [trainer.py] => batch_size: 48
2024-09-10 21:08:17,088 [trainer.py] => weight_decay: 0.0005
2024-09-10 21:08:17,088 [trainer.py] => min_lr: 0
2024-09-10 21:08:17,088 [trainer.py] => ffn_num: 64
2024-09-10 21:08:17,088 [trainer.py] => optimizer: sgd
2024-09-10 21:08:17,089 [trainer.py] => vpt_type: shallow
2024-09-10 21:08:17,089 [trainer.py] => prompt_token_num: 5
2024-09-10 21:08:18,368 [data_manager.py] => [68, 56, 78, 8, 23, 84, 90, 65, 74, 76, 40, 89, 3, 92, 55, 9, 26, 80, 43, 38, 58, 70, 77, 1, 85, 19, 17, 50, 28, 53, 13, 81, 45, 82, 6, 59, 83, 16, 15, 44, 91, 41, 72, 60, 79, 52, 20, 10, 31, 54, 37, 95, 14, 71, 96, 98, 97, 2, 64, 66, 42, 22, 35, 86, 24, 34, 87, 21, 99, 0, 88, 27, 18, 94, 11, 12, 47, 25, 30, 46, 62, 69, 36, 61, 7, 63, 75, 5, 32, 4, 51, 48, 73, 93, 39, 67, 29, 49, 57, 33]
2024-09-10 21:08:19,876 [trainer.py] => All params: 86004480
2024-09-10 21:08:19,877 [trainer.py] => Trainable params: 86004480
2024-09-10 21:08:20,457 [adam_ssf.py] => Learning on 0-5
2024-09-10 21:11:56,882 [adam_ssf.py] => Task 0, Epoch 20/20 => Loss 0.117, Train_accy 96.48, Test_accy 99.80
2024-09-10 21:12:08,935 [trainer.py] => No NME accuracy.
2024-09-10 21:12:08,935 [trainer.py] => CNN: {'total': 99.6, '00-09': 99.6, 'old': 0, 'new': 99.6}
2024-09-10 21:12:08,935 [trainer.py] => CNN top1 curve: [99.6]
2024-09-10 21:12:08,935 [trainer.py] => CNN top5 curve: [100.0]

2024-09-10 21:12:08,935 [trainer.py] => Average Accuracy (CNN): 99.6
2024-09-10 21:12:08,936 [trainer.py] => All params: 171810817
2024-09-10 21:12:08,937 [trainer.py] => Trainable params: 86012161
2024-09-10 21:12:08,938 [adam_ssf.py] => Learning on 5-10
2024-09-10 21:12:20,335 [trainer.py] => No NME accuracy.
2024-09-10 21:12:20,335 [trainer.py] => CNN: {'total': 96.3, '00-09': 96.3, 'old': 98.8, 'new': 93.8}
2024-09-10 21:12:20,335 [trainer.py] => CNN top1 curve: [99.6, 96.3]
2024-09-10 21:12:20,335 [trainer.py] => CNN top5 curve: [100.0, 100.0]

2024-09-10 21:12:20,335 [trainer.py] => Average Accuracy (CNN): 97.94999999999999
2024-09-10 21:12:20,336 [trainer.py] => All params: 171818497
2024-09-10 21:12:20,337 [trainer.py] => Trainable params: 86019841
2024-09-10 21:12:20,338 [adam_ssf.py] => Learning on 10-15
2024-09-10 21:12:33,262 [trainer.py] => No NME accuracy.
2024-09-10 21:12:33,262 [trainer.py] => CNN: {'total': 94.07, '00-09': 95.1, '10-19': 92.0, 'old': 95.1, 'new': 92.0}
2024-09-10 21:12:33,262 [trainer.py] => CNN top1 curve: [99.6, 96.3, 94.07]
2024-09-10 21:12:33,262 [trainer.py] => CNN top5 curve: [100.0, 100.0, 99.8]

2024-09-10 21:12:33,262 [trainer.py] => Average Accuracy (CNN): 96.65666666666665
2024-09-10 21:12:33,263 [trainer.py] => All params: 171826177
2024-09-10 21:12:33,264 [trainer.py] => Trainable params: 86027521
2024-09-10 21:12:33,265 [adam_ssf.py] => Learning on 15-20
2024-09-10 21:12:47,732 [trainer.py] => No NME accuracy.
2024-09-10 21:12:47,732 [trainer.py] => CNN: {'total': 92.5, '00-09': 94.4, '10-19': 90.6, 'old': 93.53, 'new': 89.4}
2024-09-10 21:12:47,732 [trainer.py] => CNN top1 curve: [99.6, 96.3, 94.07, 92.5]
2024-09-10 21:12:47,732 [trainer.py] => CNN top5 curve: [100.0, 100.0, 99.8, 99.15]

2024-09-10 21:12:47,732 [trainer.py] => Average Accuracy (CNN): 95.61749999999999
2024-09-10 21:12:47,734 [trainer.py] => All params: 171833857
2024-09-10 21:12:47,736 [trainer.py] => Trainable params: 86035201
2024-09-10 21:12:47,737 [adam_ssf.py] => Learning on 20-25
2024-09-10 21:13:03,634 [trainer.py] => No NME accuracy.
2024-09-10 21:13:03,635 [trainer.py] => CNN: {'total': 92.24, '00-09': 94.2, '10-19': 89.9, '20-29': 93.0, 'old': 92.05, 'new': 93.0}
2024-09-10 21:13:03,635 [trainer.py] => CNN top1 curve: [99.6, 96.3, 94.07, 92.5, 92.24]
2024-09-10 21:13:03,635 [trainer.py] => CNN top5 curve: [100.0, 100.0, 99.8, 99.15, 98.68]

2024-09-10 21:13:03,635 [trainer.py] => Average Accuracy (CNN): 94.942
2024-09-10 21:13:03,636 [trainer.py] => All params: 171841537
2024-09-10 21:13:03,638 [trainer.py] => Trainable params: 86042881
2024-09-10 21:13:03,639 [adam_ssf.py] => Learning on 25-30
2024-09-10 21:13:21,081 [trainer.py] => No NME accuracy.
2024-09-10 21:13:21,081 [trainer.py] => CNN: {'total': 91.2, '00-09': 92.4, '10-19': 89.0, '20-29': 92.2, 'old': 91.08, 'new': 91.8}
2024-09-10 21:13:21,081 [trainer.py] => CNN top1 curve: [99.6, 96.3, 94.07, 92.5, 92.24, 91.2]
2024-09-10 21:13:21,081 [trainer.py] => CNN top5 curve: [100.0, 100.0, 99.8, 99.15, 98.68, 98.6]

2024-09-10 21:13:21,081 [trainer.py] => Average Accuracy (CNN): 94.31833333333333
2024-09-10 21:13:21,083 [trainer.py] => All params: 171849217
2024-09-10 21:13:21,083 [trainer.py] => Trainable params: 86050561
2024-09-10 21:13:21,084 [adam_ssf.py] => Learning on 30-35
2024-09-10 21:13:40,143 [trainer.py] => No NME accuracy.
2024-09-10 21:13:40,144 [trainer.py] => CNN: {'total': 89.26, '00-09': 91.3, '10-19': 88.1, '20-29': 91.6, '30-39': 82.8, 'old': 90.33, 'new': 82.8}
2024-09-10 21:13:40,144 [trainer.py] => CNN top1 curve: [99.6, 96.3, 94.07, 92.5, 92.24, 91.2, 89.26]
2024-09-10 21:13:40,144 [trainer.py] => CNN top5 curve: [100.0, 100.0, 99.8, 99.15, 98.68, 98.6, 98.46]

2024-09-10 21:13:40,144 [trainer.py] => Average Accuracy (CNN): 93.59571428571428
2024-09-10 21:13:40,145 [trainer.py] => All params: 171856897
2024-09-10 21:13:40,146 [trainer.py] => Trainable params: 86058241
2024-09-10 21:13:40,146 [adam_ssf.py] => Learning on 35-40
2024-09-10 21:14:00,543 [trainer.py] => No NME accuracy.
2024-09-10 21:14:00,543 [trainer.py] => CNN: {'total': 88.65, '00-09': 90.9, '10-19': 86.9, '20-29': 90.6, '30-39': 86.2, 'old': 88.43, 'new': 90.2}
2024-09-10 21:14:00,543 [trainer.py] => CNN top1 curve: [99.6, 96.3, 94.07, 92.5, 92.24, 91.2, 89.26, 88.65]
2024-09-10 21:14:00,544 [trainer.py] => CNN top5 curve: [100.0, 100.0, 99.8, 99.15, 98.68, 98.6, 98.46, 98.22]

2024-09-10 21:14:00,544 [trainer.py] => Average Accuracy (CNN): 92.97749999999999
2024-09-10 21:14:00,545 [trainer.py] => All params: 171864577
2024-09-10 21:14:00,547 [trainer.py] => Trainable params: 86065921
2024-09-10 21:14:00,548 [adam_ssf.py] => Learning on 40-45
2024-09-10 21:14:22,440 [trainer.py] => No NME accuracy.
2024-09-10 21:14:22,441 [trainer.py] => CNN: {'total': 87.6, '00-09': 90.4, '10-19': 85.6, '20-29': 90.5, '30-39': 85.8, '40-49': 83.8, 'old': 88.08, 'new': 83.8}
2024-09-10 21:14:22,449 [trainer.py] => CNN top1 curve: [99.6, 96.3, 94.07, 92.5, 92.24, 91.2, 89.26, 88.65, 87.6]
2024-09-10 21:14:22,449 [trainer.py] => CNN top5 curve: [100.0, 100.0, 99.8, 99.15, 98.68, 98.6, 98.46, 98.22, 97.87]

2024-09-10 21:14:22,449 [trainer.py] => Average Accuracy (CNN): 92.38
2024-09-10 21:14:22,450 [trainer.py] => All params: 171872257
2024-09-10 21:14:22,451 [trainer.py] => Trainable params: 86073601
2024-09-10 21:14:22,452 [adam_ssf.py] => Learning on 45-50
2024-09-10 21:14:45,683 [trainer.py] => No NME accuracy.
2024-09-10 21:14:45,683 [trainer.py] => CNN: {'total': 86.9, '00-09': 89.8, '10-19': 85.0, '20-29': 89.2, '30-39': 83.7, '40-49': 86.8, 'old': 86.58, 'new': 89.8}
2024-09-10 21:14:45,683 [trainer.py] => CNN top1 curve: [99.6, 96.3, 94.07, 92.5, 92.24, 91.2, 89.26, 88.65, 87.6, 86.9]
2024-09-10 21:14:45,683 [trainer.py] => CNN top5 curve: [100.0, 100.0, 99.8, 99.15, 98.68, 98.6, 98.46, 98.22, 97.87, 97.76]

2024-09-10 21:14:45,683 [trainer.py] => Average Accuracy (CNN): 91.832
2024-09-10 21:14:45,685 [trainer.py] => All params: 171879937
2024-09-10 21:14:45,686 [trainer.py] => Trainable params: 86081281
2024-09-10 21:14:45,688 [adam_ssf.py] => Learning on 50-55
2024-09-10 21:15:10,458 [trainer.py] => No NME accuracy.
2024-09-10 21:15:10,458 [trainer.py] => CNN: {'total': 85.6, '00-09': 89.0, '10-19': 84.9, '20-29': 88.5, '30-39': 83.1, '40-49': 84.6, '50-59': 81.4, 'old': 86.02, 'new': 81.4}
2024-09-10 21:15:10,458 [trainer.py] => CNN top1 curve: [99.6, 96.3, 94.07, 92.5, 92.24, 91.2, 89.26, 88.65, 87.6, 86.9, 85.6]
2024-09-10 21:15:10,458 [trainer.py] => CNN top5 curve: [100.0, 100.0, 99.8, 99.15, 98.68, 98.6, 98.46, 98.22, 97.87, 97.76, 97.35]

2024-09-10 21:15:10,459 [trainer.py] => Average Accuracy (CNN): 91.26545454545455
2024-09-10 21:15:10,460 [trainer.py] => All params: 171887617
2024-09-10 21:15:10,460 [trainer.py] => Trainable params: 86088961
2024-09-10 21:15:10,461 [adam_ssf.py] => Learning on 55-60
2024-09-10 21:15:37,136 [trainer.py] => No NME accuracy.
2024-09-10 21:15:37,136 [trainer.py] => CNN: {'total': 85.58, '00-09': 88.6, '10-19': 84.7, '20-29': 88.3, '30-39': 83.1, '40-49': 84.6, '50-59': 84.2, 'old': 85.45, 'new': 87.0}
2024-09-10 21:15:37,136 [trainer.py] => CNN top1 curve: [99.6, 96.3, 94.07, 92.5, 92.24, 91.2, 89.26, 88.65, 87.6, 86.9, 85.6, 85.58]
2024-09-10 21:15:37,136 [trainer.py] => CNN top5 curve: [100.0, 100.0, 99.8, 99.15, 98.68, 98.6, 98.46, 98.22, 97.87, 97.76, 97.35, 97.0]

2024-09-10 21:15:37,136 [trainer.py] => Average Accuracy (CNN): 90.79166666666667
2024-09-10 21:15:37,137 [trainer.py] => All params: 171895297
2024-09-10 21:15:37,138 [trainer.py] => Trainable params: 86096641
2024-09-10 21:15:37,139 [adam_ssf.py] => Learning on 60-65
2024-09-10 21:16:05,371 [trainer.py] => No NME accuracy.
2024-09-10 21:16:05,371 [trainer.py] => CNN: {'total': 85.09, '00-09': 88.6, '10-19': 84.1, '20-29': 88.2, '30-39': 83.1, '40-49': 84.5, '50-59': 82.4, '60-69': 84.4, 'old': 85.15, 'new': 84.4}
2024-09-10 21:16:05,371 [trainer.py] => CNN top1 curve: [99.6, 96.3, 94.07, 92.5, 92.24, 91.2, 89.26, 88.65, 87.6, 86.9, 85.6, 85.58, 85.09]
2024-09-10 21:16:05,371 [trainer.py] => CNN top5 curve: [100.0, 100.0, 99.8, 99.15, 98.68, 98.6, 98.46, 98.22, 97.87, 97.76, 97.35, 97.0, 96.94]

2024-09-10 21:16:05,371 [trainer.py] => Average Accuracy (CNN): 90.35307692307691
2024-09-10 21:16:05,372 [trainer.py] => All params: 171902977
2024-09-10 21:16:05,373 [trainer.py] => Trainable params: 86104321
2024-09-10 21:16:05,374 [adam_ssf.py] => Learning on 65-70
2024-09-10 21:16:34,673 [trainer.py] => No NME accuracy.
2024-09-10 21:16:34,673 [trainer.py] => CNN: {'total': 85.21, '00-09': 87.8, '10-19': 83.9, '20-29': 88.2, '30-39': 83.0, '40-49': 84.3, '50-59': 82.4, '60-69': 86.9, 'old': 84.77, 'new': 91.0}
2024-09-10 21:16:34,673 [trainer.py] => CNN top1 curve: [99.6, 96.3, 94.07, 92.5, 92.24, 91.2, 89.26, 88.65, 87.6, 86.9, 85.6, 85.58, 85.09, 85.21]
2024-09-10 21:16:34,673 [trainer.py] => CNN top5 curve: [100.0, 100.0, 99.8, 99.15, 98.68, 98.6, 98.46, 98.22, 97.87, 97.76, 97.35, 97.0, 96.94, 96.93]

2024-09-10 21:16:34,673 [trainer.py] => Average Accuracy (CNN): 89.98571428571428
2024-09-10 21:16:34,674 [trainer.py] => All params: 171910657
2024-09-10 21:16:34,675 [trainer.py] => Trainable params: 86112001
2024-09-10 21:16:34,676 [adam_ssf.py] => Learning on 70-75
2024-09-10 21:17:05,342 [trainer.py] => No NME accuracy.
2024-09-10 21:17:05,342 [trainer.py] => CNN: {'total': 84.33, '00-09': 87.5, '10-19': 83.1, '20-29': 88.1, '30-39': 82.5, '40-49': 83.7, '50-59': 81.3, '60-69': 85.0, '70-79': 82.6, 'old': 84.46, 'new': 82.6}
2024-09-10 21:17:05,342 [trainer.py] => CNN top1 curve: [99.6, 96.3, 94.07, 92.5, 92.24, 91.2, 89.26, 88.65, 87.6, 86.9, 85.6, 85.58, 85.09, 85.21, 84.33]
2024-09-10 21:17:05,342 [trainer.py] => CNN top5 curve: [100.0, 100.0, 99.8, 99.15, 98.68, 98.6, 98.46, 98.22, 97.87, 97.76, 97.35, 97.0, 96.94, 96.93, 96.6]

2024-09-10 21:17:05,343 [trainer.py] => Average Accuracy (CNN): 89.60866666666666
2024-09-10 21:17:05,344 [trainer.py] => All params: 171918337
2024-09-10 21:17:05,346 [trainer.py] => Trainable params: 86119681
2024-09-10 21:17:05,348 [adam_ssf.py] => Learning on 75-80
2024-09-10 21:17:37,756 [trainer.py] => No NME accuracy.
2024-09-10 21:17:37,756 [trainer.py] => CNN: {'total': 83.08, '00-09': 87.2, '10-19': 83.1, '20-29': 88.1, '30-39': 82.4, '40-49': 81.6, '50-59': 79.4, '60-69': 84.5, '70-79': 78.3, 'old': 83.63, 'new': 74.8}
2024-09-10 21:17:37,756 [trainer.py] => CNN top1 curve: [99.6, 96.3, 94.07, 92.5, 92.24, 91.2, 89.26, 88.65, 87.6, 86.9, 85.6, 85.58, 85.09, 85.21, 84.33, 83.08]
2024-09-10 21:17:37,756 [trainer.py] => CNN top5 curve: [100.0, 100.0, 99.8, 99.15, 98.68, 98.6, 98.46, 98.22, 97.87, 97.76, 97.35, 97.0, 96.94, 96.93, 96.6, 96.46]

2024-09-10 21:17:37,756 [trainer.py] => Average Accuracy (CNN): 89.20062499999999
2024-09-10 21:17:37,758 [trainer.py] => All params: 171926017
2024-09-10 21:17:37,759 [trainer.py] => Trainable params: 86127361
2024-09-10 21:17:37,761 [adam_ssf.py] => Learning on 80-85
2024-09-10 21:18:12,035 [trainer.py] => No NME accuracy.
2024-09-10 21:18:12,035 [trainer.py] => CNN: {'total': 82.86, '00-09': 86.9, '10-19': 82.6, '20-29': 87.4, '30-39': 82.4, '40-49': 80.3, '50-59': 79.0, '60-69': 83.9, '70-79': 78.3, '80-89': 87.0, 'old': 82.6, 'new': 87.0}
2024-09-10 21:18:12,035 [trainer.py] => CNN top1 curve: [99.6, 96.3, 94.07, 92.5, 92.24, 91.2, 89.26, 88.65, 87.6, 86.9, 85.6, 85.58, 85.09, 85.21, 84.33, 83.08, 82.86]
2024-09-10 21:18:12,035 [trainer.py] => CNN top5 curve: [100.0, 100.0, 99.8, 99.15, 98.68, 98.6, 98.46, 98.22, 97.87, 97.76, 97.35, 97.0, 96.94, 96.93, 96.6, 96.46, 96.45]

2024-09-10 21:18:12,035 [trainer.py] => Average Accuracy (CNN): 88.82764705882352
2024-09-10 21:18:12,036 [trainer.py] => All params: 171933697
2024-09-10 21:18:12,037 [trainer.py] => Trainable params: 86135041
2024-09-10 21:18:12,038 [adam_ssf.py] => Learning on 85-90
2024-09-10 21:18:47,622 [trainer.py] => No NME accuracy.
2024-09-10 21:18:47,622 [trainer.py] => CNN: {'total': 82.57, '00-09': 86.5, '10-19': 81.8, '20-29': 87.4, '30-39': 82.4, '40-49': 80.3, '50-59': 78.9, '60-69': 83.9, '70-79': 77.8, '80-89': 84.1, 'old': 82.65, 'new': 81.2}
2024-09-10 21:18:47,622 [trainer.py] => CNN top1 curve: [99.6, 96.3, 94.07, 92.5, 92.24, 91.2, 89.26, 88.65, 87.6, 86.9, 85.6, 85.58, 85.09, 85.21, 84.33, 83.08, 82.86, 82.57]
2024-09-10 21:18:47,622 [trainer.py] => CNN top5 curve: [100.0, 100.0, 99.8, 99.15, 98.68, 98.6, 98.46, 98.22, 97.87, 97.76, 97.35, 97.0, 96.94, 96.93, 96.6, 96.46, 96.45, 96.11]

2024-09-10 21:18:47,622 [trainer.py] => Average Accuracy (CNN): 88.47999999999998
2024-09-10 21:18:47,623 [trainer.py] => All params: 171941377
2024-09-10 21:18:47,624 [trainer.py] => Trainable params: 86142721
2024-09-10 21:18:47,625 [adam_ssf.py] => Learning on 90-95
2024-09-10 21:19:24,536 [trainer.py] => No NME accuracy.
2024-09-10 21:19:24,536 [trainer.py] => CNN: {'total': 82.48, '00-09': 85.8, '10-19': 81.5, '20-29': 87.0, '30-39': 82.2, '40-49': 79.3, '50-59': 78.3, '60-69': 83.9, '70-79': 77.2, '80-89': 83.8, '90-99': 89.2, 'old': 82.11, 'new': 89.2}
2024-09-10 21:19:24,536 [trainer.py] => CNN top1 curve: [99.6, 96.3, 94.07, 92.5, 92.24, 91.2, 89.26, 88.65, 87.6, 86.9, 85.6, 85.58, 85.09, 85.21, 84.33, 83.08, 82.86, 82.57, 82.48]
2024-09-10 21:19:24,536 [trainer.py] => CNN top5 curve: [100.0, 100.0, 99.8, 99.15, 98.68, 98.6, 98.46, 98.22, 97.87, 97.76, 97.35, 97.0, 96.94, 96.93, 96.6, 96.46, 96.45, 96.11, 95.95]

2024-09-10 21:19:24,536 [trainer.py] => Average Accuracy (CNN): 88.16421052631577
2024-09-10 21:19:24,537 [trainer.py] => All params: 171949057
2024-09-10 21:19:24,538 [trainer.py] => Trainable params: 86150401
2024-09-10 21:19:24,539 [adam_ssf.py] => Learning on 95-100
2024-09-10 21:20:02,665 [trainer.py] => No NME accuracy.
2024-09-10 21:20:02,665 [trainer.py] => CNN: {'total': 81.96, '00-09': 85.7, '10-19': 81.1, '20-29': 86.9, '30-39': 81.8, '40-49': 78.9, '50-59': 77.7, '60-69': 83.8, '70-79': 77.0, '80-89': 83.4, '90-99': 83.3, 'old': 82.17, 'new': 78.0}
2024-09-10 21:20:02,665 [trainer.py] => CNN top1 curve: [99.6, 96.3, 94.07, 92.5, 92.24, 91.2, 89.26, 88.65, 87.6, 86.9, 85.6, 85.58, 85.09, 85.21, 84.33, 83.08, 82.86, 82.57, 82.48, 81.96]
2024-09-10 21:20:02,665 [trainer.py] => CNN top5 curve: [100.0, 100.0, 99.8, 99.15, 98.68, 98.6, 98.46, 98.22, 97.87, 97.76, 97.35, 97.0, 96.94, 96.93, 96.6, 96.46, 96.45, 96.11, 95.95, 95.66]

2024-09-10 21:20:02,665 [trainer.py] => Average Accuracy (CNN): 87.85399999999998
